app/build/outputs/mapping/release/seeds.txt
org.fourthline.cling.model.types.Datatype
org.fourthline.cling.model.types.Datatype: boolean isHandlingJavaType(java.lang.Class)
org.fourthline.cling.model.types.Datatype: org.fourthline.cling.model.types.Datatype$Builtin getBuiltin()
org.fourthline.cling.model.types.Datatype: boolean isValid(java.lang.Object)
org.fourthline.cling.model.types.Datatype: java.lang.String getString(java.lang.Object)
org.fourthline.cling.model.types.Datatype: java.lang.Object valueOf(java.lang.String)
org.fourthline.cling.model.types.Datatype: java.lang.String getDisplayString()
org.fourthline.cling.model.types.Datatype$Builtin
org.fourthline.cling.model.types.Datatype$Builtin: org.fourthline.cling.model.types.Datatype$Builtin UI1
org.fourthline.cling.model.types.Datatype$Builtin: org.fourthline.cling.model.types.Datatype$Builtin UI2
org.fourthline.cling.model.types.Datatype$Builtin: org.fourthline.cling.model.types.Datatype$Builtin UI4
org.fourthline.cling.model.types.Datatype$Builtin: org.fourthline.cling.model.types.Datatype$Builtin I1
org.fourthline.cling.model.types.Datatype$Builtin: org.fourthline.cling.model.types.Datatype$Builtin I2
org.fourthline.cling.model.types.Datatype$Builtin: org.fourthline.cling.model.types.Datatype$Builtin I2_SHORT
org.fourthline.cling.model.types.Datatype$Builtin: org.fourthline.cling.model.types.Datatype$Builtin I4
org.fourthline.cling.model.types.Datatype$Builtin: org.fourthline.cling.model.types.Datatype$Builtin INT
org.fourthline.cling.model.types.Datatype$Builtin: org.fourthline.cling.model.types.Datatype$Builtin R4
org.fourthline.cling.model.types.Datatype$Builtin: org.fourthline.cling.model.types.Datatype$Builtin R8
org.fourthline.cling.model.types.Datatype$Builtin: org.fourthline.cling.model.types.Datatype$Builtin NUMBER
org.fourthline.cling.model.types.Datatype$Builtin: org.fourthline.cling.model.types.Datatype$Builtin FIXED144
org.fourthline.cling.model.types.Datatype$Builtin: org.fourthline.cling.model.types.Datatype$Builtin FLOAT
org.fourthline.cling.model.types.Datatype$Builtin$1
org.fourthline.cling.model.types.Datatype$Builtin$1: Datatype$Builtin$1()
org.fourthline.cling.model.types.Datatype$Default
org.fourthline.cling.model.types.Datatype$Default: org.fourthline.cling.model.types.Datatype$Default BOOLEAN
org.fourthline.cling.model.types.Datatype$Default: org.fourthline.cling.model.types.Datatype$Default BOOLEAN_PRIMITIVE
org.fourthline.cling.model.types.Datatype$Default: org.fourthline.cling.model.types.Datatype$Default SHORT
org.fourthline.cling.model.types.Datatype$Default: org.fourthline.cling.model.types.Datatype$Default SHORT_PRIMITIVE
org.fourthline.cling.model.types.Datatype$Default: org.fourthline.cling.model.types.Datatype$Default INTEGER
org.fourthline.cling.model.types.Datatype$Default: org.fourthline.cling.model.types.Datatype$Default INTEGER_PRIMITIVE
org.fourthline.cling.model.types.Datatype$Default: org.fourthline.cling.model.types.Datatype$Default UNSIGNED_INTEGER_ONE_BYTE
org.fourthline.cling.model.types.Datatype$Default: org.fourthline.cling.model.types.Datatype$Default UNSIGNED_INTEGER_TWO_BYTES
org.fourthline.cling.model.types.Datatype$Default: org.fourthline.cling.model.types.Datatype$Default UNSIGNED_INTEGER_FOUR_BYTES
org.fourthline.cling.model.types.Datatype$Default: org.fourthline.cling.model.types.Datatype$Default FLOAT
org.fourthline.cling.model.types.Datatype$Default: org.fourthline.cling.model.types.Datatype$Default FLOAT_PRIMITIVE
org.fourthline.cling.model.types.Datatype$Default: org.fourthline.cling.model.types.Datatype$Default DOUBLE